# JRE version: OpenJDK Runtime Environment (11.0.15) (build 11.0.15+0-b2043.56-8887301)
# Java VM: OpenJDK 64-Bit Server VM (11.0.15+0-b2043.56-8887301, mixed mode, tiered, compressed oops, g1 gc, windows-amd64)
Heap:
 garbage-first heap   total 260096K, used 93791K [0x0000000080000000, 0x0000000100000000)
  region size 1024K, 51 young (52224K), 10 survivors (10240K)
 Metaspace       used 40083K, capacity 41244K, committed 41296K, reserved 1085440K
  class space    used 5183K, capacity 5596K, committed 5632K, reserved 1048576K
GC Heap History (10 events):
Event: 0.632 GC heap before
{Heap before GC invocations=0 (full 0):
 garbage-first heap   total 260096K, used 29696K [0x0000000080000000, 0x0000000100000000)
  region size 1024K, 24 young (24576K), 0 survivors (0K)
 Metaspace       used 10084K, capacity 10339K, committed 10624K, reserved 1058816K
  class space    used 1030K, capacity 1106K, committed 1152K, reserved 1048576K
}
Event: 0.636 GC heap after
{Heap after GC invocations=1 (full 0):
 garbage-first heap   total 260096K, used 9202K [0x0000000080000000, 0x0000000100000000)
  region size 1024K, 3 young (3072K), 3 survivors (3072K)
 Metaspace       used 10084K, capacity 10339K, committed 10624K, reserved 1058816K
  class space    used 1030K, capacity 1106K, committed 1152K, reserved 1048576K
}
Event: 2.201 GC heap before
{Heap before GC invocations=1 (full 0):
 garbage-first heap   total 260096K, used 102386K [0x0000000080000000, 0x0000000100000000)
  region size 1024K, 95 young (97280K), 3 survivors (3072K)
 Metaspace       used 20645K, capacity 21136K, committed 21296K, reserved 1069056K
  class space    used 2487K, capacity 2635K, committed 2688K, reserved 1048576K
}
Event: 2.209 GC heap after
{Heap after GC invocations=2 (full 0):
 garbage-first heap   total 260096K, used 16892K [0x0000000080000000, 0x0000000100000000)
  region size 1024K, 11 young (11264K), 11 survivors (11264K)
 Metaspace       used 20645K, capacity 21136K, committed 21296K, reserved 1069056K
  class space    used 2487K, capacity 2635K, committed 2688K, reserved 1048576K
}
Event: 2.473 GC heap before
{Heap before GC invocations=3 (full 0):
 garbage-first heap   total 260096K, used 52732K [0x0000000080000000, 0x0000000100000000)
  region size 1024K, 46 young (47104K), 11 survivors (11264K)
 Metaspace       used 24088K, capacity 24744K, committed 25008K, reserved 1071104K
  class space    used 3055K, capacity 3291K, committed 3328K, reserved 1048576K
}
Event: 2.479 GC heap after
{Heap after GC invocations=4 (full 0):
 garbage-first heap   total 260096K, used 18732K [0x0000000080000000, 0x0000000100000000)
  region size 1024K, 2 young (2048K), 2 survivors (2048K)
 Metaspace       used 24088K, capacity 24744K, committed 25008K, reserved 1071104K
  class space    used 3055K, capacity 3291K, committed 3328K, reserved 1048576K
}
Event: 4.237 GC heap before
{Heap before GC invocations=4 (full 0):
 garbage-first heap   total 260096K, used 144684K [0x0000000080000000, 0x0000000100000000)
  region size 1024K, 99 young (101376K), 2 survivors (2048K)
 Metaspace       used 33212K, capacity 34311K, committed 34480K, reserved 1079296K
  class space    used 4478K, capacity 4844K, committed 4864K, reserved 1048576K
}
Event: 4.241 GC heap after
{Heap after GC invocations=5 (full 0):
 garbage-first heap   total 260096K, used 52333K [0x0000000080000000, 0x0000000100000000)
  region size 1024K, 8 young (8192K), 8 survivors (8192K)
 Metaspace       used 33212K, capacity 34311K, committed 34480K, reserved 1079296K
  class space    used 4478K, capacity 4844K, committed 4864K, reserved 1048576K
}
Event: 4.368 GC heap before
{Heap before GC invocations=5 (full 0):
 garbage-first heap   total 260096K, used 59501K [0x0000000080000000, 0x0000000100000000)
  region size 1024K, 16 young (16384K), 8 survivors (8192K)
 Metaspace       used 34675K, capacity 35799K, committed 35920K, reserved 1081344K
  class space    used 4666K, capacity 5084K, committed 5120K, reserved 1048576K
}
Event: 4.373 GC heap after
{Heap after GC invocations=6 (full 0):
 garbage-first heap   total 260096K, used 53855K [0x0000000080000000, 0x0000000100000000)
  region size 1024K, 10 young (10240K), 10 survivors (10240K)
 Metaspace       used 34675K, capacity 35799K, committed 35920K, reserved 1081344K
  class space    used 4666K, capacity 5084K, committed 5120K, reserved 1048576K
}

