# JRE version: OpenJDK Runtime Environment (11.0.15) (build 11.0.15+0-b2043.56-8887301)
# Java VM: OpenJDK 64-Bit Server VM (11.0.15+0-b2043.56-8887301, mixed mode, tiered, compressed oops, g1 gc, windows-amd64)
Heap:
 garbage-first heap   total 260096K, used 125094K [0x0000000080000000, 0x0000000100000000)
  region size 1024K, 37 young (37888K), 5 survivors (5120K)
 Metaspace       used 104971K, capacity 108031K, committed 108208K, reserved 1146880K
  class space    used 13576K, capacity 14726K, committed 14848K, reserved 1048576K
GC Heap History (20 events):
Event: 14.997 GC heap before
{Heap before GC invocations=3 (full 0):
 garbage-first heap   total 260096K, used 83403K [0x0000000080000000, 0x0000000100000000)
  region size 1024K, 77 young (78848K), 11 survivors (11264K)
 Metaspace       used 27672K, capacity 28428K, committed 28720K, reserved 1075200K
  class space    used 3623K, capacity 3875K, committed 3968K, reserved 1048576K
}
Event: 15.006 GC heap after
{Heap after GC invocations=4 (full 0):
 garbage-first heap   total 260096K, used 19473K [0x0000000080000000, 0x0000000100000000)
  region size 1024K, 3 young (3072K), 3 survivors (3072K)
 Metaspace       used 27672K, capacity 28428K, committed 28720K, reserved 1075200K
  class space    used 3623K, capacity 3875K, committed 3968K, reserved 1048576K
}
Event: 21.887 GC heap before
{Heap before GC invocations=4 (full 0):
 garbage-first heap   total 260096K, used 72721K [0x0000000080000000, 0x0000000100000000)
  region size 1024K, 56 young (57344K), 3 survivors (3072K)
 Metaspace       used 34847K, capacity 35738K, committed 35888K, reserved 1081344K
  class space    used 4559K, capacity 4887K, committed 4992K, reserved 1048576K
}
Event: 21.898 GC heap after
{Heap after GC invocations=5 (full 0):
 garbage-first heap   total 260096K, used 22111K [0x0000000080000000, 0x0000000100000000)
  region size 1024K, 6 young (6144K), 6 survivors (6144K)
 Metaspace       used 34847K, capacity 35738K, committed 35888K, reserved 1081344K
  class space    used 4559K, capacity 4887K, committed 4992K, reserved 1048576K
}
Event: 28.542 GC heap before
{Heap before GC invocations=6 (full 0):
 garbage-first heap   total 260096K, used 142943K [0x0000000080000000, 0x0000000100000000)
  region size 1024K, 121 young (123904K), 6 survivors (6144K)
 Metaspace       used 45802K, capacity 46875K, committed 46896K, reserved 1089536K
  class space    used 5821K, capacity 6258K, committed 6272K, reserved 1048576K
}
Event: 28.551 GC heap after
{Heap after GC invocations=7 (full 0):
 garbage-first heap   total 260096K, used 30414K [0x0000000080000000, 0x0000000100000000)
  region size 1024K, 14 young (14336K), 14 survivors (14336K)
 Metaspace       used 45802K, capacity 46875K, committed 46896K, reserved 1089536K
  class space    used 5821K, capacity 6258K, committed 6272K, reserved 1048576K
}
Event: 42.251 GC heap before
{Heap before GC invocations=7 (full 0):
 garbage-first heap   total 260096K, used 173774K [0x0000000080000000, 0x0000000100000000)
  region size 1024K, 152 young (155648K), 14 survivors (14336K)
 Metaspace       used 56891K, capacity 58349K, committed 58672K, reserved 1099776K
  class space    used 7127K, capacity 7701K, committed 7808K, reserved 1048576K
}
Event: 42.267 GC heap after
{Heap after GC invocations=8 (full 0):
 garbage-first heap   total 260096K, used 41582K [0x0000000080000000, 0x0000000100000000)
  region size 1024K, 18 young (18432K), 18 survivors (18432K)
 Metaspace       used 56891K, capacity 58349K, committed 58672K, reserved 1099776K
  class space    used 7127K, capacity 7701K, committed 7808K, reserved 1048576K
}
Event: 43.010 GC heap before
{Heap before GC invocations=8 (full 0):
 garbage-first heap   total 260096K, used 55918K [0x0000000080000000, 0x0000000100000000)
  region size 1024K, 33 young (33792K), 18 survivors (18432K)
 Metaspace       used 58616K, capacity 60108K, committed 60208K, reserved 1101824K
  class space    used 7400K, capacity 8016K, committed 8064K, reserved 1048576K
}
Event: 43.026 GC heap after
{Heap after GC invocations=9 (full 0):
 garbage-first heap   total 260096K, used 42105K [0x0000000080000000, 0x0000000100000000)
  region size 1024K, 11 young (11264K), 11 survivors (11264K)
 Metaspace       used 58616K, capacity 60108K, committed 60208K, reserved 1101824K
  class space    used 7400K, capacity 8016K, committed 8064K, reserved 1048576K
}
Event: 49.756 GC heap before
{Heap before GC invocations=10 (full 0):
 garbage-first heap   total 260096K, used 194681K [0x0000000080000000, 0x0000000100000000)
  region size 1024K, 152 young (155648K), 11 survivors (11264K)
 Metaspace       used 68287K, capacity 69986K, committed 70192K, reserved 1110016K
  class space    used 8633K, capacity 9321K, committed 9344K, reserved 1048576K
}
Event: 49.771 GC heap after
{Heap after GC invocations=11 (full 0):
 garbage-first heap   total 260096K, used 52542K [0x0000000080000000, 0x0000000100000000)
  region size 1024K, 19 young (19456K), 19 survivors (19456K)
 Metaspace       used 68287K, capacity 69986K, committed 70192K, reserved 1110016K
  class space    used 8633K, capacity 9321K, committed 9344K, reserved 1048576K
}
Event: 56.362 GC heap before
{Heap before GC invocations=11 (full 0):
 garbage-first heap   total 260096K, used 188734K [0x0000000080000000, 0x0000000100000000)
  region size 1024K, 152 young (155648K), 19 survivors (19456K)
 Metaspace       used 81322K, capacity 83317K, committed 83504K, reserved 1122304K
  class space    used 10593K, capacity 11353K, committed 11392K, reserved 1048576K
}
Event: 56.380 GC heap after
{Heap after GC invocations=12 (full 0):
 garbage-first heap   total 260096K, used 62249K [0x0000000080000000, 0x0000000100000000)
  region size 1024K, 19 young (19456K), 19 survivors (19456K)
 Metaspace       used 81322K, capacity 83317K, committed 83504K, reserved 1122304K
  class space    used 10593K, capacity 11353K, committed 11392K, reserved 1048576K
}
Event: 61.664 GC heap before
{Heap before GC invocations=12 (full 0):
 garbage-first heap   total 260096K, used 197417K [0x0000000080000000, 0x0000000100000000)
  region size 1024K, 152 young (155648K), 19 survivors (19456K)
 Metaspace       used 86007K, capacity 88456K, committed 88624K, reserved 1126400K
  class space    used 11187K, capacity 12108K, committed 12160K, reserved 1048576K
}
Event: 61.688 GC heap after
{Heap after GC invocations=13 (full 0):
 garbage-first heap   total 260096K, used 76376K [0x0000000080000000, 0x0000000100000000)
  region size 1024K, 19 young (19456K), 19 survivors (19456K)
 Metaspace       used 86007K, capacity 88456K, committed 88624K, reserved 1126400K
  class space    used 11187K, capacity 12108K, committed 12160K, reserved 1048576K
}
Event: 68.045 GC heap before
{Heap before GC invocations=13 (full 0):
 garbage-first heap   total 260096K, used 202328K [0x0000000080000000, 0x0000000100000000)
  region size 1024K, 141 young (144384K), 19 survivors (19456K)
 Metaspace       used 94032K, capacity 96847K, committed 97200K, reserved 1132544K
  class space    used 12155K, capacity 13204K, committed 13312K, reserved 1048576K
}
Event: 68.063 GC heap after
{Heap after GC invocations=14 (full 0):
 garbage-first heap   total 260096K, used 94221K [0x0000000080000000, 0x0000000100000000)
  region size 1024K, 15 young (15360K), 15 survivors (15360K)
 Metaspace       used 94032K, capacity 96847K, committed 97200K, reserved 1132544K
  class space    used 12155K, capacity 13204K, committed 13312K, reserved 1048576K
}
Event: 74.220 GC heap before
{Heap before GC invocations=14 (full 0):
 garbage-first heap   total 260096K, used 191501K [0x0000000080000000, 0x0000000100000000)
  region size 1024K, 112 young (114688K), 15 survivors (15360K)
 Metaspace       used 97658K, capacity 100593K, committed 100656K, reserved 1136640K
  class space    used 12564K, capacity 13655K, committed 13696K, reserved 1048576K
}
Event: 74.229 GC heap after
{Heap after GC invocations=15 (full 0):
 garbage-first heap   total 260096K, used 94374K [0x0000000080000000, 0x0000000100000000)
  region size 1024K, 5 young (5120K), 5 survivors (5120K)
 Metaspace       used 97658K, capacity 100593K, committed 100656K, reserved 1136640K
  class space    used 12564K, capacity 13655K, committed 13696K, reserved 1048576K
}

