# JRE version: OpenJDK Runtime Environment (11.0.15) (build 11.0.15+0-b2043.56-8887301)
# Java VM: OpenJDK 64-Bit Server VM (11.0.15+0-b2043.56-8887301, mixed mode, tiered, compressed oops, g1 gc, windows-amd64)
Heap:
 garbage-first heap   total 405504K, used 276438K [0x0000000080000000, 0x0000000100000000)
  region size 1024K, 88 young (90112K), 5 survivors (5120K)
 Metaspace       used 148708K, capacity 154102K, committed 154544K, reserved 1183744K
  class space    used 17696K, capacity 19646K, committed 19864K, reserved 1048576K
GC Heap History (20 events):
Event: 17944.033 GC heap before
{Heap before GC invocations=438 (full 0):
 garbage-first heap   total 337920K, used 280396K [0x0000000080000000, 0x0000000100000000)
  region size 1024K, 128 young (131072K), 8 survivors (8192K)
 Metaspace       used 144541K, capacity 149530K, committed 150960K, reserved 1181696K
  class space    used 17100K, capacity 18921K, committed 19352K, reserved 1048576K
}
Event: 17944.040 GC heap after
{Heap after GC invocations=439 (full 0):
 garbage-first heap   total 337920K, used 158279K [0x0000000080000000, 0x0000000100000000)
  region size 1024K, 9 young (9216K), 9 survivors (9216K)
 Metaspace       used 144541K, capacity 149530K, committed 150960K, reserved 1181696K
  class space    used 17100K, capacity 18921K, committed 19352K, reserved 1048576K
}
Event: 17944.341 GC heap before
{Heap before GC invocations=440 (full 0):
 garbage-first heap   total 337920K, used 283207K [0x0000000080000000, 0x0000000100000000)
  region size 1024K, 131 young (134144K), 9 survivors (9216K)
 Metaspace       used 144541K, capacity 149530K, committed 150960K, reserved 1181696K
  class space    used 17100K, capacity 18921K, committed 19352K, reserved 1048576K
}
Event: 17944.349 GC heap after
{Heap after GC invocations=441 (full 0):
 garbage-first heap   total 337920K, used 159770K [0x0000000080000000, 0x0000000100000000)
  region size 1024K, 10 young (10240K), 10 survivors (10240K)
 Metaspace       used 144541K, capacity 149530K, committed 150960K, reserved 1181696K
  class space    used 17100K, capacity 18921K, committed 19352K, reserved 1048576K
}
Event: 17944.356 GC heap before
{Heap before GC invocations=441 (full 0):
 garbage-first heap   total 337920K, used 162842K [0x0000000080000000, 0x0000000100000000)
  region size 1024K, 14 young (14336K), 10 survivors (10240K)
 Metaspace       used 144541K, capacity 149530K, committed 150960K, reserved 1181696K
  class space    used 17100K, capacity 18921K, committed 19352K, reserved 1048576K
}
Event: 17944.364 GC heap after
{Heap after GC invocations=442 (full 0):
 garbage-first heap   total 337920K, used 159632K [0x0000000080000000, 0x0000000100000000)
  region size 1024K, 10 young (10240K), 10 survivors (10240K)
 Metaspace       used 144541K, capacity 149530K, committed 150960K, reserved 1181696K
  class space    used 17100K, capacity 18921K, committed 19352K, reserved 1048576K
}
Event: 17944.495 GC heap before
{Heap before GC invocations=443 (full 0):
 garbage-first heap   total 337920K, used 169872K [0x0000000080000000, 0x0000000100000000)
  region size 1024K, 13 young (13312K), 10 survivors (10240K)
 Metaspace       used 144541K, capacity 149530K, committed 150960K, reserved 1181696K
  class space    used 17100K, capacity 18921K, committed 19352K, reserved 1048576K
}
Event: 17944.505 GC heap after
{Heap after GC invocations=444 (full 0):
 garbage-first heap   total 337920K, used 159686K [0x0000000080000000, 0x0000000100000000)
  region size 1024K, 8 young (8192K), 8 survivors (8192K)
 Metaspace       used 144541K, capacity 149530K, committed 150960K, reserved 1181696K
  class space    used 17100K, capacity 18921K, committed 19352K, reserved 1048576K
}
Event: 17945.075 GC heap before
{Heap before GC invocations=445 (full 0):
 garbage-first heap   total 337920K, used 281542K [0x0000000080000000, 0x0000000100000000)
  region size 1024K, 121 young (123904K), 8 survivors (8192K)
 Metaspace       used 144541K, capacity 149530K, committed 150960K, reserved 1181696K
  class space    used 17100K, capacity 18921K, committed 19352K, reserved 1048576K
}
Event: 17945.081 GC heap after
{Heap after GC invocations=446 (full 0):
 garbage-first heap   total 337920K, used 160659K [0x0000000080000000, 0x0000000100000000)
  region size 1024K, 9 young (9216K), 9 survivors (9216K)
 Metaspace       used 144541K, capacity 149530K, committed 150960K, reserved 1181696K
  class space    used 17100K, capacity 18921K, committed 19352K, reserved 1048576K
}
Event: 17945.380 GC heap before
{Heap before GC invocations=446 (full 0):
 garbage-first heap   total 337920K, used 278419K [0x0000000080000000, 0x0000000100000000)
  region size 1024K, 124 young (126976K), 9 survivors (9216K)
 Metaspace       used 144541K, capacity 149530K, committed 150960K, reserved 1181696K
  class space    used 17100K, capacity 18921K, committed 19352K, reserved 1048576K
}
Event: 17945.389 GC heap after
{Heap after GC invocations=447 (full 0):
 garbage-first heap   total 337920K, used 163249K [0x0000000080000000, 0x0000000100000000)
  region size 1024K, 11 young (11264K), 11 survivors (11264K)
 Metaspace       used 144541K, capacity 149530K, committed 150960K, reserved 1181696K
  class space    used 17100K, capacity 18921K, committed 19352K, reserved 1048576K
}
Event: 17947.692 GC heap before
{Heap before GC invocations=448 (full 0):
 garbage-first heap   total 337920K, used 253361K [0x0000000080000000, 0x0000000100000000)
  region size 1024K, 93 young (95232K), 11 survivors (11264K)
 Metaspace       used 144551K, capacity 149540K, committed 150960K, reserved 1181696K
  class space    used 17102K, capacity 18923K, committed 19352K, reserved 1048576K
}
Event: 17947.700 GC heap after
{Heap after GC invocations=449 (full 0):
 garbage-first heap   total 405504K, used 144813K [0x0000000080000000, 0x0000000100000000)
  region size 1024K, 4 young (4096K), 4 survivors (4096K)
 Metaspace       used 144551K, capacity 149540K, committed 150960K, reserved 1181696K
  class space    used 17102K, capacity 18923K, committed 19352K, reserved 1048576K
}
Event: 17950.062 GC heap before
{Heap before GC invocations=450 (full 0):
 garbage-first heap   total 405504K, used 328109K [0x0000000080000000, 0x0000000100000000)
  region size 1024K, 166 young (169984K), 4 survivors (4096K)
 Metaspace       used 145854K, capacity 151131K, committed 152240K, reserved 1181696K
  class space    used 17309K, capacity 19257K, committed 19608K, reserved 1048576K
}
Event: 17950.071 GC heap after
{Heap after GC invocations=451 (full 0):
 garbage-first heap   total 405504K, used 170286K [0x0000000080000000, 0x0000000100000000)
  region size 1024K, 11 young (11264K), 11 survivors (11264K)
 Metaspace       used 145854K, capacity 151131K, committed 152240K, reserved 1181696K
  class space    used 17309K, capacity 19257K, committed 19608K, reserved 1048576K
}
Event: 17950.592 GC heap before
{Heap before GC invocations=451 (full 0):
 garbage-first heap   total 405504K, used 192814K [0x0000000080000000, 0x0000000100000000)
  region size 1024K, 19 young (19456K), 11 survivors (11264K)
 Metaspace       used 146621K, capacity 151856K, committed 152752K, reserved 1183744K
  class space    used 17407K, capacity 19326K, committed 19608K, reserved 1048576K
}
Event: 17950.602 GC heap after
{Heap after GC invocations=452 (full 0):
 garbage-first heap   total 405504K, used 178590K [0x0000000080000000, 0x0000000100000000)
  region size 1024K, 3 young (3072K), 3 survivors (3072K)
 Metaspace       used 146621K, capacity 151856K, committed 152752K, reserved 1183744K
  class space    used 17407K, capacity 19326K, committed 19608K, reserved 1048576K
}
Event: 17950.718 GC heap before
{Heap before GC invocations=452 (full 0):
 garbage-first heap   total 405504K, used 179614K [0x0000000080000000, 0x0000000100000000)
  region size 1024K, 6 young (6144K), 3 survivors (3072K)
 Metaspace       used 146621K, capacity 151856K, committed 152752K, reserved 1183744K
  class space    used 17407K, capacity 19326K, committed 19608K, reserved 1048576K
}
Event: 17950.724 GC heap after
{Heap after GC invocations=453 (full 0):
 garbage-first heap   total 405504K, used 180182K [0x0000000080000000, 0x0000000100000000)
  region size 1024K, 5 young (5120K), 5 survivors (5120K)
 Metaspace       used 146621K, capacity 151856K, committed 152752K, reserved 1183744K
  class space    used 17407K, capacity 19326K, committed 19608K, reserved 1048576K
}

